{"/workspaces/soundcast-api/src/application/usecase/create-user.ts": {"path":"/workspaces/soundcast-api/src/application/usecase/create-user.ts","statementMap":{"0":{"start":{"line":1,"column":0},"end":{"line":1,"column":50}},"1":{"start":{"line":9,"column":25},"end":{"line":9,"column":45}},"2":{"start":{"line":10,"column":25},"end":{"line":10,"column":67}},"3":{"start":{"line":17,"column":30},"end":{"line":17,"column":70}},"4":{"start":{"line":22,"column":24},"end":{"line":22,"column":38}},"5":{"start":{"line":23,"column":28},"end":{"line":23,"column":72}},"6":{"start":{"line":25,"column":8},"end":{"line":25,"column":27}},"7":{"start":{"line":7,"column":0},"end":{"line":7,"column":13}}},"fnMap":{"0":{"name":"(anonymous_0)","decl":{"start":{"line":8,"column":4},"end":{"line":8,"column":null}},"loc":{"start":{"line":10,"column":67},"end":{"line":11,"column":8}}},"1":{"name":"(anonymous_1)","decl":{"start":{"line":13,"column":4},"end":{"line":13,"column":9}},"loc":{"start":{"line":13,"column":37},"end":{"line":26,"column":5}}}},"branchMap":{},"s":{"0":0,"1":0,"2":0,"3":0,"4":0,"5":0,"6":0,"7":0},"f":{"0":0,"1":0},"b":{}}
,"/workspaces/soundcast-api/src/domain/entities/User.ts": {"path":"/workspaces/soundcast-api/src/domain/entities/User.ts","statementMap":{"0":{"start":{"line":11,"column":8},"end":{"line":11,"column":null}},"1":{"start":{"line":13,"column":8},"end":{"line":13,"column":null}},"2":{"start":{"line":14,"column":8},"end":{"line":14,"column":null}},"3":{"start":{"line":15,"column":8},"end":{"line":15,"column":null}},"4":{"start":{"line":16,"column":8},"end":{"line":16,"column":null}},"5":{"start":{"line":1,"column":0},"end":{"line":1,"column":13}}},"fnMap":{"0":{"name":"(anonymous_0)","decl":{"start":{"line":10,"column":4},"end":{"line":10,"column":16}},"loc":{"start":{"line":10,"column":27},"end":{"line":17,"column":5}}}},"branchMap":{"0":{"loc":{"start":{"line":13,"column":22},"end":{"line":13,"column":42}},"type":"binary-expr","locations":[{"start":{"line":13,"column":22},"end":{"line":13,"column":34}},{"start":{"line":13,"column":38},"end":{"line":13,"column":42}}]},"1":{"loc":{"start":{"line":14,"column":24},"end":{"line":14,"column":46}},"type":"binary-expr","locations":[{"start":{"line":14,"column":24},"end":{"line":14,"column":38}},{"start":{"line":14,"column":42},"end":{"line":14,"column":46}}]},"2":{"loc":{"start":{"line":15,"column":27},"end":{"line":15,"column":50}},"type":"binary-expr","locations":[{"start":{"line":15,"column":27},"end":{"line":15,"column":44}},{"start":{"line":15,"column":48},"end":{"line":15,"column":50}}]},"3":{"loc":{"start":{"line":16,"column":25},"end":{"line":16,"column":54}},"type":"binary-expr","locations":[{"start":{"line":16,"column":25},"end":{"line":16,"column":40}},{"start":{"line":16,"column":44},"end":{"line":16,"column":54}}]}},"s":{"0":0,"1":0,"2":0,"3":0,"4":0,"5":0},"f":{"0":0},"b":{"0":[0,0],"1":[0,0],"2":[0,0],"3":[0,0]}}
,"/workspaces/soundcast-api/src/infra/criptography/encrypter.ts": {"path":"/workspaces/soundcast-api/src/infra/criptography/encrypter.ts","statementMap":{"0":{"start":{"line":1,"column":0},"end":{"line":1,"column":28}},"1":{"start":{"line":5,"column":4},"end":{"line":5,"column":14}},"2":{"start":{"line":8,"column":21},"end":{"line":8,"column":52}},"3":{"start":{"line":9,"column":24},"end":{"line":9,"column":54}},"4":{"start":{"line":10,"column":8},"end":{"line":10,"column":23}},"5":{"start":{"line":4,"column":0},"end":{"line":4,"column":13}}},"fnMap":{"0":{"name":"(anonymous_1)","decl":{"start":{"line":4,"column":0},"end":{"line":4,"column":13}},"loc":{"start":{"line":4,"column":0},"end":{"line":12,"column":1}}},"1":{"name":"(anonymous_2)","decl":{"start":{"line":7,"column":4},"end":{"line":7,"column":9}},"loc":{"start":{"line":7,"column":28},"end":{"line":11,"column":5}}}},"branchMap":{},"s":{"0":0,"1":0,"2":0,"3":0,"4":0,"5":0},"f":{"0":0,"1":0},"b":{}}
,"/workspaces/soundcast-api/src/infra/repositories/create-user-in-memory.ts": {"path":"/workspaces/soundcast-api/src/infra/repositories/create-user-in-memory.ts","statementMap":{"0":{"start":{"line":7,"column":8},"end":{"line":7,"column":null}},"1":{"start":{"line":5,"column":0},"end":{"line":5,"column":13}}},"fnMap":{"0":{"name":"(anonymous_0)","decl":{"start":{"line":6,"column":4},"end":{"line":6,"column":9}},"loc":{"start":{"line":6,"column":33},"end":{"line":8,"column":5}}}},"branchMap":{},"s":{"0":0,"1":0},"f":{"0":0},"b":{}}
,"/workspaces/soundcast-api/src/presentation/controllers/signup.ts": {"path":"/workspaces/soundcast-api/src/presentation/controllers/signup.ts","statementMap":{"0":{"start":{"line":7,"column":33},"end":{"line":7,"column":62}},"1":{"start":{"line":10,"column":8},"end":{"line":37,"column":9}},"2":{"start":{"line":11,"column":35},"end":{"line":11,"column":64}},"3":{"start":{"line":12,"column":12},"end":{"line":19,"column":13}},"4":{"start":{"line":13,"column":16},"end":{"line":18,"column":17}},"5":{"start":{"line":14,"column":20},"end":{"line":17,"column":null}},"6":{"start":{"line":21,"column":46},"end":{"line":21,"column":62}},"7":{"start":{"line":22,"column":25},"end":{"line":26,"column":14}},"8":{"start":{"line":28,"column":12},"end":{"line":31,"column":null}},"9":{"start":{"line":33,"column":12},"end":{"line":36,"column":null}},"10":{"start":{"line":6,"column":0},"end":{"line":6,"column":13}}},"fnMap":{"0":{"name":"(anonymous_0)","decl":{"start":{"line":7,"column":4},"end":{"line":7,"column":33}},"loc":{"start":{"line":7,"column":62},"end":{"line":7,"column":66}}},"1":{"name":"(anonymous_1)","decl":{"start":{"line":9,"column":4},"end":{"line":9,"column":9}},"loc":{"start":{"line":9,"column":41},"end":{"line":39,"column":5}}}},"branchMap":{"0":{"loc":{"start":{"line":13,"column":16},"end":{"line":18,"column":17}},"type":"if","locations":[{"start":{"line":13,"column":16},"end":{"line":18,"column":17}}]}},"s":{"0":6,"1":5,"2":5,"3":5,"4":12,"5":3,"6":2,"7":2,"8":1,"9":1,"10":1},"f":{"0":6,"1":5},"b":{"0":[3]}}
}
